生成启动时间为 星期六 10 十一月 9:20:48。
     1>项目“E:\Work\CppWorkSpace\Project\FinalProject\FinalProject\FinalProject.vcxproj”在节点 2 上(build 个目标)。
     1>InitializeBuildStatus:
         正在创建“Debug\FinalProject.unsuccessfulbuild”，因为已指定“AlwaysCreate”。
       ClCompile:
         所有输出均为最新。
         D:\Program Files\Microsoft Visual Studio 10.0\VC\bin\CL.exe /c /ZI /nologo /W3 /WX- /Od /Oy- /D WIN32 /D _WINDOWS /D _DEBUG /D _UNICODE /D UNICODE /D _AFXDLL /Gm /EHsc /RTC1 /MDd /GS /fp:precise /Zc:wchar_t /Zc:forScope /Yu"StdAfx.h" /Fp"Debug\FinalProject.pch" /Fo"Debug\\" /Fd"Debug\vc100.pdb" /Gd /TP /analyze- /errorReport:prompt FinalProjectView.cpp
         FinalProjectView.cpp
       ResourceCompile:
         所有输出均为最新。
       ManifestResourceCompile:
         所有输出均为最新。
       Link:
         D:\Program Files\Microsoft Visual Studio 10.0\VC\bin\link.exe /ERRORREPORT:PROMPT /OUT:"E:\Work\CppWorkSpace\Project\FinalProject\Debug\FinalProject.exe" /INCREMENTAL /NOLOGO cfitsio.lib /MANIFEST /ManifestFile:"Debug\FinalProject.exe.intermediate.manifest" /MANIFESTUAC:"level='asInvoker' uiAccess='false'" /DEBUG /PDB:"E:\Work\CppWorkSpace\Project\FinalProject\Debug\FinalProject.pdb" /SUBSYSTEM:WINDOWS /TLBID:1 /ENTRY:"wWinMainCRTStartup" /DYNAMICBASE /NXCOMPAT /IMPLIB:"E:\Work\CppWorkSpace\Project\FinalProject\Debug\FinalProject.lib" /MACHINE:X86 Debug\FinalProject.res
         Debug\FinalProject.exe.embed.manifest.res
         Debug\ClassView.obj
         Debug\FileView.obj
         Debug\FinalProject.obj
         Debug\FinalProjectDoc.obj
         Debug\FinalProjectView.obj
         Debug\MainFrm.obj
         Debug\OutputWnd.obj
         Debug\PropertiesWnd.obj
         Debug\stdafx.obj
         Debug\ViewTree.obj
       Manifest:
         C:\Program Files\Microsoft SDKs\Windows\v7.0A\bin\mt.exe /nologo /verbose /out:"Debug\FinalProject.exe.embed.manifest" /manifest Debug\FinalProject.exe.intermediate.manifest "D:\Program Files\Microsoft Visual Studio 10.0\VC\Include\Manifest\dpiaware.manifest"
         所有输出均为最新。
       LinkEmbedManifest:
         所有输出均为最新。
         FinalProject.vcxproj -> E:\Work\CppWorkSpace\Project\FinalProject\Debug\FinalProject.exe
       FinalizeBuildStatus:
         正在删除文件“Debug\FinalProject.unsuccessfulbuild”。
         正在对“Debug\FinalProject.lastbuildstate”执行 Touch 任务。
     1>已完成生成项目“E:\Work\CppWorkSpace\Project\FinalProject\FinalProject\FinalProject.vcxproj”(build 个目标)的操作。

生成成功。

已用时间 00:00:14.83
